[ 2017-09-28T07:37:01+08:00 ] ::1 /oaxt/
INFO: [ app_init ] --START--
INFO: Run Behavior\BuildLiteBehavior [ RunTime:0.000000s ]
INFO: [ app_init ] --END-- [ RunTime:0.001000s ]
INFO: [ app_begin ] --START--
INFO: Run Behavior\ReadHtmlCacheBehavior [ RunTime:0.001000s ]
INFO: [ app_begin ] --END-- [ RunTime:0.001000s ]
ERR: SQLSTATE[HY000] [2002] ÓÉÓÚÄ¿±ê¼ÆËã»ú»ý¼«¾Ü¾ø£¬ÎÞ·¨Á¬½Ó¡£


[ 2017-09-28T07:37:13+08:00 ] ::1 /OAXT/
INFO: [ app_init ] --START--
INFO: Run Behavior\BuildLiteBehavior [ RunTime:0.000000s ]
INFO: [ app_init ] --END-- [ RunTime:0.001000s ]
INFO: [ app_begin ] --START--
INFO: Run Behavior\ReadHtmlCacheBehavior [ RunTime:0.001000s ]
INFO: [ app_begin ] --END-- [ RunTime:0.001000s ]
ERR: SQLSTATE[HY000] [2002] ÓÉÓÚÄ¿±ê¼ÆËã»ú»ý¼«¾Ü¾ø£¬ÎÞ·¨Á¬½Ó¡£


[ 2017-09-28T07:39:48+08:00 ] ::1 /OAXT/
INFO: [ app_init ] --START--
INFO: Run Behavior\BuildLiteBehavior [ RunTime:0.000000s ]
INFO: [ app_init ] --END-- [ RunTime:0.000000s ]
INFO: [ app_begin ] --START--
INFO: Run Behavior\ReadHtmlCacheBehavior [ RunTime:0.001001s ]
INFO: [ app_begin ] --END-- [ RunTime:0.001001s ]
ERR: SQLSTATE[HY000] [2002] ÓÉÓÚÄ¿±ê¼ÆËã»ú»ý¼«¾Ü¾ø£¬ÎÞ·¨Á¬½Ó¡£


[ 2017-09-28T07:40:09+08:00 ] ::1 /OAXT/
INFO: [ app_init ] --START--
INFO: Run Behavior\BuildLiteBehavior [ RunTime:0.000000s ]
INFO: [ app_init ] --END-- [ RunTime:0.000000s ]
INFO: [ app_begin ] --START--
INFO: Run Behavior\ReadHtmlCacheBehavior [ RunTime:0.000000s ]
INFO: [ app_begin ] --END-- [ RunTime:0.000000s ]
SQL: SHOW COLUMNS FROM `allemployees` [ RunTime:0.0156s ]
SQL: SELECT * FROM `allemployees`  [ RunTime:0.0000s ]
INFO: [ view_parse ] --START--
INFO: [ template_filter ] --START--
INFO: Run Behavior\ContentReplaceBehavior [ RunTime:0.000000s ]
INFO: [ template_filter ] --END-- [ RunTime:0.000000s ]
NOTIC: [8] Use of undefined constant username - assumed 'username' D:\AppServ\www\OAXT\OA\Runtime\Cache\Home\34cf5e2a636cd5900222c2311110f667.php ç¬¬ 46 è¡Œ.
NOTIC: [8] Undefined index: username D:\AppServ\www\OAXT\OA\Runtime\Cache\Home\34cf5e2a636cd5900222c2311110f667.php ç¬¬ 46 è¡Œ.
INFO: Run Behavior\ParseTemplateBehavior [ RunTime:0.049801s ]
INFO: [ view_parse ] --END-- [ RunTime:0.049801s ]
INFO: [ view_filter ] --START--
INFO: Run Behavior\WriteHtmlCacheBehavior [ RunTime:0.000000s ]
INFO: [ view_filter ] --END-- [ RunTime:0.000000s ]
INFO: [ app_end ] --START--
INFO: Run Behavior\ShowPageTraceBehavior [ RunTime:0.000000s ]
INFO: [ app_end ] --END-- [ RunTime:0.000000s ]

[ 2017-09-28T07:40:33+08:00 ] ::1 /OAXT/
INFO: [ app_init ] --START--
INFO: Run Behavior\BuildLiteBehavior [ RunTime:0.000000s ]
INFO: [ app_init ] --END-- [ RunTime:0.000000s ]
INFO: [ app_begin ] --START--
INFO: Run Behavior\ReadHtmlCacheBehavior [ RunTime:0.000000s ]
INFO: [ app_begin ] --END-- [ RunTime:0.000000s ]
SQL: SHOW COLUMNS FROM `allemployees` [ RunTime:0.0020s ]
SQL: SELECT * FROM `allemployees`  [ RunTime:0.0010s ]
INFO: [ view_parse ] --START--
INFO: [ template_filter ] --START--
INFO: Run Behavior\ContentReplaceBehavior [ RunTime:0.000000s ]
INFO: [ template_filter ] --END-- [ RunTime:0.000000s ]
NOTIC: [8] Use of undefined constant username - assumed 'username' D:\AppServ\www\OAXT\OA\Runtime\Cache\Home\34cf5e2a636cd5900222c2311110f667.php ç¬¬ 46 è¡Œ.
NOTIC: [8] Undefined index: username D:\AppServ\www\OAXT\OA\Runtime\Cache\Home\34cf5e2a636cd5900222c2311110f667.php ç¬¬ 46 è¡Œ.
INFO: Run Behavior\ParseTemplateBehavior [ RunTime:0.010001s ]
INFO: [ view_parse ] --END-- [ RunTime:0.010001s ]
INFO: [ view_filter ] --START--
INFO: Run Behavior\WriteHtmlCacheBehavior [ RunTime:0.000000s ]
INFO: [ view_filter ] --END-- [ RunTime:0.000000s ]
INFO: [ app_end ] --START--
INFO: Run Behavior\ShowPageTraceBehavior [ RunTime:0.002000s ]
INFO: [ app_end ] --END-- [ RunTime:0.002000s ]

[ 2017-09-28T10:04:30+08:00 ] 127.0.0.1 /OAXT/
INFO: [ app_init ] --START--
INFO: Run Behavior\BuildLiteBehavior [ RunTime:0.000000s ]
INFO: [ app_init ] --END-- [ RunTime:0.000000s ]
INFO: [ app_begin ] --START--
INFO: Run Behavior\ReadHtmlCacheBehavior [ RunTime:0.000000s ]
INFO: [ app_begin ] --END-- [ RunTime:0.000000s ]
SQL: SHOW COLUMNS FROM `allemployees` [ RunTime:0.0000s ]
SQL: SELECT * FROM `allemployees`  [ RunTime:0.0000s ]
INFO: [ view_parse ] --START--
INFO: [ template_filter ] --START--
INFO: Run Behavior\ContentReplaceBehavior [ RunTime:0.000000s ]
INFO: [ template_filter ] --END-- [ RunTime:0.000000s ]
NOTIC: [8] Use of undefined constant username - assumed 'username' D:\AppServ\www\OAXT\OA\Runtime\Cache\Home\34cf5e2a636cd5900222c2311110f667.php ç¬¬ 46 è¡Œ.
NOTIC: [8] Undefined index: username D:\AppServ\www\OAXT\OA\Runtime\Cache\Home\34cf5e2a636cd5900222c2311110f667.php ç¬¬ 46 è¡Œ.
NOTIC: [8] Use of undefined constant username - assumed 'username' D:\AppServ\www\OAXT\OA\Runtime\Cache\Home\34cf5e2a636cd5900222c2311110f667.php ç¬¬ 46 è¡Œ.
NOTIC: [8] Undefined index: username D:\AppServ\www\OAXT\OA\Runtime\Cache\Home\34cf5e2a636cd5900222c2311110f667.php ç¬¬ 46 è¡Œ.
INFO: Run Behavior\ParseTemplateBehavior [ RunTime:0.015600s ]
INFO: [ view_parse ] --END-- [ RunTime:0.015600s ]
INFO: [ view_filter ] --START--
INFO: Run Behavior\WriteHtmlCacheBehavior [ RunTime:0.000000s ]
INFO: [ view_filter ] --END-- [ RunTime:0.000000s ]
INFO: [ app_end ] --START--
INFO: Run Behavior\ShowPageTraceBehavior [ RunTime:0.000000s ]
INFO: [ app_end ] --END-- [ RunTime:0.000000s ]

[ 2017-09-28T10:06:25+08:00 ] ::1 /OAXT/
INFO: [ app_init ] --START--
INFO: Run Behavior\BuildLiteBehavior [ RunTime:0.000000s ]
INFO: [ app_init ] --END-- [ RunTime:0.001000s ]
INFO: [ app_begin ] --START--
INFO: Run Behavior\ReadHtmlCacheBehavior [ RunTime:0.002000s ]
INFO: [ app_begin ] --END-- [ RunTime:0.002000s ]
SQL: SHOW COLUMNS FROM `allemployees` [ RunTime:0.0000s ]
SQL: SELECT * FROM `allemployees`  [ RunTime:0.0000s ]
INFO: [ view_parse ] --START--
INFO: [ template_filter ] --START--
INFO: Run Behavior\ContentReplaceBehavior [ RunTime:0.000000s ]
INFO: [ template_filter ] --END-- [ RunTime:0.000000s ]
NOTIC: [8] Use of undefined constant username - assumed 'username' D:\AppServ\www\OAXT\OA\Runtime\Cache\Home\34cf5e2a636cd5900222c2311110f667.php ç¬¬ 46 è¡Œ.
NOTIC: [8] Undefined index: username D:\AppServ\www\OAXT\OA\Runtime\Cache\Home\34cf5e2a636cd5900222c2311110f667.php ç¬¬ 46 è¡Œ.
NOTIC: [8] Use of undefined constant username - assumed 'username' D:\AppServ\www\OAXT\OA\Runtime\Cache\Home\34cf5e2a636cd5900222c2311110f667.php ç¬¬ 46 è¡Œ.
NOTIC: [8] Undefined index: username D:\AppServ\www\OAXT\OA\Runtime\Cache\Home\34cf5e2a636cd5900222c2311110f667.php ç¬¬ 46 è¡Œ.
INFO: Run Behavior\ParseTemplateBehavior [ RunTime:0.020601s ]
INFO: [ view_parse ] --END-- [ RunTime:0.020601s ]
INFO: [ view_filter ] --START--
INFO: Run Behavior\WriteHtmlCacheBehavior [ RunTime:0.001000s ]
INFO: [ view_filter ] --END-- [ RunTime:0.001000s ]
INFO: [ app_end ] --START--
INFO: Run Behavior\ShowPageTraceBehavior [ RunTime:0.002000s ]
INFO: [ app_end ] --END-- [ RunTime:0.002000s ]

[ 2017-09-28T11:10:51+08:00 ] ::1 /OAXT/index.php/home
INFO: [ app_init ] --START--
INFO: Run Behavior\BuildLiteBehavior [ RunTime:0.000000s ]
INFO: [ app_init ] --END-- [ RunTime:0.001000s ]
INFO: [ app_begin ] --START--
INFO: Run Behavior\ReadHtmlCacheBehavior [ RunTime:0.001000s ]
INFO: [ app_begin ] --END-- [ RunTime:0.001000s ]
SQL: SHOW COLUMNS FROM `allemployees` [ RunTime:0.0000s ]
SQL: SELECT * FROM `allemployees`  [ RunTime:0.0000s ]
INFO: [ view_parse ] --START--
INFO: [ template_filter ] --START--
INFO: Run Behavior\ContentReplaceBehavior [ RunTime:0.000000s ]
INFO: [ template_filter ] --END-- [ RunTime:0.000000s ]
NOTIC: [8] Use of undefined constant username - assumed 'username' D:\AppServ\www\OAXT\OA\Runtime\Cache\Home\34cf5e2a636cd5900222c2311110f667.php ç¬¬ 46 è¡Œ.
NOTIC: [8] Undefined index: username D:\AppServ\www\OAXT\OA\Runtime\Cache\Home\34cf5e2a636cd5900222c2311110f667.php ç¬¬ 46 è¡Œ.
NOTIC: [8] Use of undefined constant username - assumed 'username' D:\AppServ\www\OAXT\OA\Runtime\Cache\Home\34cf5e2a636cd5900222c2311110f667.php ç¬¬ 46 è¡Œ.
NOTIC: [8] Undefined index: username D:\AppServ\www\OAXT\OA\Runtime\Cache\Home\34cf5e2a636cd5900222c2311110f667.php ç¬¬ 46 è¡Œ.
INFO: Run Behavior\ParseTemplateBehavior [ RunTime:0.000000s ]
INFO: [ view_parse ] --END-- [ RunTime:0.000000s ]
INFO: [ view_filter ] --START--
INFO: Run Behavior\WriteHtmlCacheBehavior [ RunTime:0.015600s ]
INFO: [ view_filter ] --END-- [ RunTime:0.015600s ]
INFO: [ app_end ] --START--
INFO: Run Behavior\ShowPageTraceBehavior [ RunTime:0.000000s ]
INFO: [ app_end ] --END-- [ RunTime:0.000000s ]

[ 2017-09-28T11:10:53+08:00 ] ::1 /OAXT/index.php/home
INFO: [ app_init ] --START--
INFO: Run Behavior\BuildLiteBehavior [ RunTime:0.000000s ]
INFO: [ app_init ] --END-- [ RunTime:0.001000s ]
INFO: [ app_begin ] --START--
INFO: Run Behavior\ReadHtmlCacheBehavior [ RunTime:0.001001s ]
INFO: [ app_begin ] --END-- [ RunTime:0.001001s ]
SQL: SHOW COLUMNS FROM `allemployees` [ RunTime:0.0010s ]
SQL: SELECT * FROM `allemployees`  [ RunTime:0.0000s ]
INFO: [ view_parse ] --START--
INFO: [ template_filter ] --START--
INFO: Run Behavior\ContentReplaceBehavior [ RunTime:0.000000s ]
INFO: [ template_filter ] --END-- [ RunTime:0.000000s ]
NOTIC: [8] Use of undefined constant username - assumed 'username' D:\AppServ\www\OAXT\OA\Runtime\Cache\Home\34cf5e2a636cd5900222c2311110f667.php ç¬¬ 46 è¡Œ.
NOTIC: [8] Undefined index: username D:\AppServ\www\OAXT\OA\Runtime\Cache\Home\34cf5e2a636cd5900222c2311110f667.php ç¬¬ 46 è¡Œ.
NOTIC: [8] Use of undefined constant username - assumed 'username' D:\AppServ\www\OAXT\OA\Runtime\Cache\Home\34cf5e2a636cd5900222c2311110f667.php ç¬¬ 46 è¡Œ.
NOTIC: [8] Undefined index: username D:\AppServ\www\OAXT\OA\Runtime\Cache\Home\34cf5e2a636cd5900222c2311110f667.php ç¬¬ 46 è¡Œ.
INFO: Run Behavior\ParseTemplateBehavior [ RunTime:0.012001s ]
INFO: [ view_parse ] --END-- [ RunTime:0.012001s ]
INFO: [ view_filter ] --START--
INFO: Run Behavior\WriteHtmlCacheBehavior [ RunTime:0.001000s ]
INFO: [ view_filter ] --END-- [ RunTime:0.001000s ]
INFO: [ app_end ] --START--
INFO: Run Behavior\ShowPageTraceBehavior [ RunTime:0.001000s ]
INFO: [ app_end ] --END-- [ RunTime:0.002000s ]

[ 2017-09-28T11:35:07+08:00 ] ::1 /OAXT/
INFO: [ app_init ] --START--
INFO: Run Behavior\BuildLiteBehavior [ RunTime:0.000000s ]
INFO: [ app_init ] --END-- [ RunTime:0.000000s ]
INFO: [ app_begin ] --START--
INFO: Run Behavior\ReadHtmlCacheBehavior [ RunTime:0.001000s ]
INFO: [ app_begin ] --END-- [ RunTime:0.001000s ]
SQL: SHOW COLUMNS FROM `allemployees` [ RunTime:0.0010s ]
SQL: SELECT * FROM `allemployees`  [ RunTime:0.0000s ]
INFO: [ view_parse ] --START--
INFO: [ template_filter ] --START--
INFO: Run Behavior\ContentReplaceBehavior [ RunTime:0.000000s ]
INFO: [ template_filter ] --END-- [ RunTime:0.000000s ]
NOTIC: [8] Use of undefined constant username - assumed 'username' D:\AppServ\www\OAXT\OA\Runtime\Cache\Home\34cf5e2a636cd5900222c2311110f667.php ç¬¬ 46 è¡Œ.
NOTIC: [8] Undefined index: username D:\AppServ\www\OAXT\OA\Runtime\Cache\Home\34cf5e2a636cd5900222c2311110f667.php ç¬¬ 46 è¡Œ.
NOTIC: [8] Use of undefined constant username - assumed 'username' D:\AppServ\www\OAXT\OA\Runtime\Cache\Home\34cf5e2a636cd5900222c2311110f667.php ç¬¬ 46 è¡Œ.
NOTIC: [8] Undefined index: username D:\AppServ\www\OAXT\OA\Runtime\Cache\Home\34cf5e2a636cd5900222c2311110f667.php ç¬¬ 46 è¡Œ.
INFO: Run Behavior\ParseTemplateBehavior [ RunTime:0.013000s ]
INFO: [ view_parse ] --END-- [ RunTime:0.013000s ]
INFO: [ view_filter ] --START--
INFO: Run Behavior\WriteHtmlCacheBehavior [ RunTime:0.000000s ]
INFO: [ view_filter ] --END-- [ RunTime:0.001001s ]
INFO: [ app_end ] --START--
INFO: Run Behavior\ShowPageTraceBehavior [ RunTime:0.001000s ]
INFO: [ app_end ] --END-- [ RunTime:0.002000s ]

[ 2017-09-28T19:46:23+08:00 ] ::1 /oaxt/
INFO: [ app_init ] --START--
INFO: Run Behavior\BuildLiteBehavior [ RunTime:0.000000s ]
INFO: [ app_init ] --END-- [ RunTime:0.517009s ]
INFO: [ app_begin ] --START--
INFO: Run Behavior\ReadHtmlCacheBehavior [ RunTime:0.069004s ]
INFO: [ app_begin ] --END-- [ RunTime:0.069004s ]
ERR: SQLSTATE[HY000] [2002] ÓÉÓÚÄ¿±ê¼ÆËã»ú»ý¼«¾Ü¾ø£¬ÎÞ·¨Á¬½Ó¡£


[ 2017-09-28T19:46:26+08:00 ] ::1 /oaxt/
INFO: [ app_init ] --START--
INFO: Run Behavior\BuildLiteBehavior [ RunTime:0.000000s ]
INFO: [ app_init ] --END-- [ RunTime:0.000000s ]
INFO: [ app_begin ] --START--
INFO: Run Behavior\ReadHtmlCacheBehavior [ RunTime:0.000000s ]
INFO: [ app_begin ] --END-- [ RunTime:0.000000s ]
ERR: SQLSTATE[HY000] [2002] ÓÉÓÚÄ¿±ê¼ÆËã»ú»ý¼«¾Ü¾ø£¬ÎÞ·¨Á¬½Ó¡£


[ 2017-09-28T19:46:40+08:00 ] ::1 /oaxt/
INFO: [ app_init ] --START--
INFO: Run Behavior\BuildLiteBehavior [ RunTime:0.000000s ]
INFO: [ app_init ] --END-- [ RunTime:0.000000s ]
INFO: [ app_begin ] --START--
INFO: Run Behavior\ReadHtmlCacheBehavior [ RunTime:0.000000s ]
INFO: [ app_begin ] --END-- [ RunTime:0.000000s ]
SQL: SHOW COLUMNS FROM `allemployees` [ RunTime:0.1356s ]
SQL: SELECT * FROM `allemployees`  [ RunTime:0.0156s ]
INFO: [ view_parse ] --START--
INFO: [ template_filter ] --START--
INFO: Run Behavior\ContentReplaceBehavior [ RunTime:0.014001s ]
INFO: [ template_filter ] --END-- [ RunTime:0.014001s ]
NOTIC: [8] Use of undefined constant username - assumed 'username' D:\AppServ\www\OAXT\OA\Runtime\Cache\Home\34cf5e2a636cd5900222c2311110f667.php ç¬¬ 46 è¡Œ.
NOTIC: [8] Undefined index: username D:\AppServ\www\OAXT\OA\Runtime\Cache\Home\34cf5e2a636cd5900222c2311110f667.php ç¬¬ 46 è¡Œ.
NOTIC: [8] Use of undefined constant username - assumed 'username' D:\AppServ\www\OAXT\OA\Runtime\Cache\Home\34cf5e2a636cd5900222c2311110f667.php ç¬¬ 46 è¡Œ.
NOTIC: [8] Undefined index: username D:\AppServ\www\OAXT\OA\Runtime\Cache\Home\34cf5e2a636cd5900222c2311110f667.php ç¬¬ 46 è¡Œ.
INFO: Run Behavior\ParseTemplateBehavior [ RunTime:0.118403s ]
INFO: [ view_parse ] --END-- [ RunTime:0.118403s ]
INFO: [ view_filter ] --START--
INFO: Run Behavior\WriteHtmlCacheBehavior [ RunTime:0.017600s ]
INFO: [ view_filter ] --END-- [ RunTime:0.017600s ]
INFO: [ app_end ] --START--
INFO: Run Behavior\ShowPageTraceBehavior [ RunTime:0.015600s ]
INFO: [ app_end ] --END-- [ RunTime:0.015600s ]

