[ 2017-10-07T08:45:34+08:00 ] ::1 /oaxt/
INFO: [ app_init ] --START--
INFO: Run Behavior\BuildLiteBehavior [ RunTime:0.000000s ]
INFO: [ app_init ] --END-- [ RunTime:0.032001s ]
INFO: [ app_begin ] --START--
INFO: Run Behavior\ReadHtmlCacheBehavior [ RunTime:0.004001s ]
INFO: [ app_begin ] --END-- [ RunTime:0.004001s ]
ERR: SQLSTATE[HY000] [1045] Access denied for user 'root'@'localhost' (using password: YES)

[ 2017-10-07T09:23:21+08:00 ] ::1 /oaxt/
INFO: [ app_init ] --START--
INFO: Run Behavior\BuildLiteBehavior [ RunTime:0.000000s ]
INFO: [ app_init ] --END-- [ RunTime:0.000000s ]
INFO: [ app_begin ] --START--
INFO: Run Behavior\ReadHtmlCacheBehavior [ RunTime:0.001000s ]
INFO: [ app_begin ] --END-- [ RunTime:0.001000s ]
ERR: 1146:Table 'oa.allemployees' doesn't exist
 [ SQL语句 ] : SHOW COLUMNS FROM `allemployees`
ERR: 1146:Table 'oa.allemployees' doesn't exist
 [ SQL语句 ] : SHOW COLUMNS FROM `allemployees`

[ 2017-10-07T09:44:05+08:00 ] ::1 /oaxt/
INFO: [ app_init ] --START--
INFO: Run Behavior\BuildLiteBehavior [ RunTime:0.000000s ]
INFO: [ app_init ] --END-- [ RunTime:0.001000s ]
INFO: [ app_begin ] --START--
INFO: Run Behavior\ReadHtmlCacheBehavior [ RunTime:0.001000s ]
INFO: [ app_begin ] --END-- [ RunTime:0.001000s ]
ERR: 1146:Table 'oa.allemployees' doesn't exist
 [ SQL语句 ] : SHOW COLUMNS FROM `allemployees`
ERR: 1146:Table 'oa.allemployees' doesn't exist
 [ SQL语句 ] : SHOW COLUMNS FROM `allemployees`

[ 2017-10-07T09:48:22+08:00 ] ::1 /oaxt/
INFO: [ app_init ] --START--
INFO: Run Behavior\BuildLiteBehavior [ RunTime:0.000000s ]
INFO: [ app_init ] --END-- [ RunTime:0.000000s ]
INFO: [ app_begin ] --START--
INFO: Run Behavior\ReadHtmlCacheBehavior [ RunTime:0.002000s ]
INFO: [ app_begin ] --END-- [ RunTime:0.002000s ]
ERR: 1146:Table 'oa.allemployees' doesn't exist
 [ SQL语句 ] : SHOW COLUMNS FROM `allemployees`
ERR: 1146:Table 'oa.allemployees' doesn't exist
 [ SQL语句 ] : SHOW COLUMNS FROM `allemployees`

[ 2017-10-07T09:48:35+08:00 ] ::1 /oaxt/
INFO: [ app_init ] --START--
INFO: Run Behavior\BuildLiteBehavior [ RunTime:0.000000s ]
INFO: [ app_init ] --END-- [ RunTime:0.000000s ]
INFO: [ app_begin ] --START--
INFO: Run Behavior\ReadHtmlCacheBehavior [ RunTime:0.001000s ]
INFO: [ app_begin ] --END-- [ RunTime:0.001000s ]
ERR: 1146:Table 'oa.allemployees' doesn't exist
 [ SQL语句 ] : SHOW COLUMNS FROM `allemployees`
ERR: 1146:Table 'oa.allemployees' doesn't exist
 [ SQL语句 ] : SHOW COLUMNS FROM `allemployees`

[ 2017-10-07T09:50:25+08:00 ] ::1 /oaxt/
INFO: [ app_init ] --START--
INFO: Run Behavior\BuildLiteBehavior [ RunTime:0.000000s ]
INFO: [ app_init ] --END-- [ RunTime:0.000000s ]
INFO: [ app_begin ] --START--
INFO: Run Behavior\ReadHtmlCacheBehavior [ RunTime:0.001000s ]
INFO: [ app_begin ] --END-- [ RunTime:0.001000s ]
ERR: 1146:Table 'oa.allemployees' doesn't exist
 [ SQL语句 ] : SHOW COLUMNS FROM `allemployees`
ERR: 1146:Table 'oa.allemployees' doesn't exist
 [ SQL语句 ] : SHOW COLUMNS FROM `allemployees`

[ 2017-10-07T09:50:52+08:00 ] ::1 /oaxt/
INFO: [ app_init ] --START--
INFO: Run Behavior\BuildLiteBehavior [ RunTime:0.000000s ]
INFO: [ app_init ] --END-- [ RunTime:0.001000s ]
INFO: [ app_begin ] --START--
INFO: Run Behavior\ReadHtmlCacheBehavior [ RunTime:0.001000s ]
INFO: [ app_begin ] --END-- [ RunTime:0.001000s ]
ERR: 1146:Table 'oa.allemployees' doesn't exist
 [ SQL语句 ] : SHOW COLUMNS FROM `allemployees`
ERR: 1146:Table 'oa.allemployees' doesn't exist
 [ SQL语句 ] : SHOW COLUMNS FROM `allemployees`

[ 2017-10-07T11:15:07+08:00 ] ::1 /oaxt/index.php/home
INFO: [ app_init ] --START--
INFO: Run Behavior\BuildLiteBehavior [ RunTime:0.000000s ]
INFO: [ app_init ] --END-- [ RunTime:0.001000s ]
INFO: [ app_begin ] --START--
INFO: Run Behavior\ReadHtmlCacheBehavior [ RunTime:0.001000s ]
INFO: [ app_begin ] --END-- [ RunTime:0.001000s ]
SQL: SHOW COLUMNS FROM `allemployees` [ RunTime:0.0010s ]
SQL: SELECT * FROM `allemployees`  [ RunTime:0.0000s ]
INFO: [ view_parse ] --START--
INFO: [ template_filter ] --START--
INFO: Run Behavior\ContentReplaceBehavior [ RunTime:0.000000s ]
INFO: [ template_filter ] --END-- [ RunTime:0.000000s ]
INFO: Run Behavior\ParseTemplateBehavior [ RunTime:0.011000s ]
INFO: [ view_parse ] --END-- [ RunTime:0.011000s ]
INFO: [ view_filter ] --START--
INFO: Run Behavior\WriteHtmlCacheBehavior [ RunTime:0.000000s ]
INFO: [ view_filter ] --END-- [ RunTime:0.000000s ]
INFO: [ app_end ] --START--
INFO: Run Behavior\ShowPageTraceBehavior [ RunTime:0.001000s ]
INFO: [ app_end ] --END-- [ RunTime:0.001000s ]

