[ 2017-09-24T19:03:09+08:00 ] ::1 /OA/index.php/OA/index.php/Admin/Login/Common/css/index.css.html
INFO: [ app_init ] --START--
INFO: Run Behavior\BuildLiteBehavior [ RunTime:0.000000s ]
INFO: [ app_init ] --END-- [ RunTime:0.001000s ]
ERR: 无法加载模块:OA

[ 2017-09-24T19:03:12+08:00 ] ::1 /OA/index.php/OA/index.php/Admin/Login/Common/css/index.css.html
INFO: [ app_init ] --START--
INFO: Run Behavior\BuildLiteBehavior [ RunTime:0.000000s ]
INFO: [ app_init ] --END-- [ RunTime:0.000000s ]
ERR: 无法加载模块:OA

[ 2017-09-24T19:03:13+08:00 ] ::1 /OA/index.php/OA/index.php/Admin/Login/Common/css/index.css.html
INFO: [ app_init ] --START--
INFO: Run Behavior\BuildLiteBehavior [ RunTime:0.000000s ]
INFO: [ app_init ] --END-- [ RunTime:0.001000s ]
ERR: 无法加载模块:OA

[ 2017-09-24T19:03:23+08:00 ] ::1 /OA/index.php/OA/Common/css/index.css.html
INFO: [ app_init ] --START--
INFO: Run Behavior\BuildLiteBehavior [ RunTime:0.000000s ]
INFO: [ app_init ] --END-- [ RunTime:0.001000s ]
ERR: 无法加载模块:OA

[ 2017-09-24T19:03:24+08:00 ] ::1 /OA/index.php/OA/Common/css/index.css.html
INFO: [ app_init ] --START--
INFO: Run Behavior\BuildLiteBehavior [ RunTime:0.000000s ]
INFO: [ app_init ] --END-- [ RunTime:0.000000s ]
ERR: 无法加载模块:OA

[ 2017-09-24T19:03:36+08:00 ] ::1 /OA/index.php/OA/index.php/Admin/Common/css/index.css.html
INFO: [ app_init ] --START--
INFO: Run Behavior\BuildLiteBehavior [ RunTime:0.000000s ]
INFO: [ app_init ] --END-- [ RunTime:0.000000s ]
ERR: 无法加载模块:OA

[ 2017-09-24T19:04:03+08:00 ] ::1 /OA/index.php/__MODULE/Common/css/index.css.html
INFO: [ app_init ] --START--
INFO: Run Behavior\BuildLiteBehavior [ RunTime:0.000000s ]
INFO: [ app_init ] --END-- [ RunTime:0.001000s ]
ERR: 无法加载模块:__MODULE

[ 2017-09-24T19:04:04+08:00 ] ::1 /OA/index.php/__MODULE/Common/css/index.css.html
INFO: [ app_init ] --START--
INFO: Run Behavior\BuildLiteBehavior [ RunTime:0.000000s ]
INFO: [ app_init ] --END-- [ RunTime:0.001000s ]
ERR: 无法加载模块:__MODULE

[ 2017-09-24T19:04:05+08:00 ] ::1 /OA/index.php/__MODULE/Common/css/index.css.html
INFO: [ app_init ] --START--
INFO: Run Behavior\BuildLiteBehavior [ RunTime:0.001000s ]
INFO: [ app_init ] --END-- [ RunTime:0.001000s ]
ERR: 无法加载模块:__MODULE

[ 2017-09-24T19:04:12+08:00 ] ::1 /OA/index.php/OA/index.php/Admin/Common/css/index.css.html
INFO: [ app_init ] --START--
INFO: Run Behavior\BuildLiteBehavior [ RunTime:0.000000s ]
INFO: [ app_init ] --END-- [ RunTime:0.000000s ]
ERR: 无法加载模块:OA

[ 2017-09-24T19:04:26+08:00 ] ::1 /OA/index.php/OA/index.php/Admin/Common/css/index.css.html
INFO: [ app_init ] --START--
INFO: Run Behavior\BuildLiteBehavior [ RunTime:0.000000s ]
INFO: [ app_init ] --END-- [ RunTime:0.001000s ]
ERR: 无法加载模块:OA

[ 2017-09-24T19:04:41+08:00 ] ::1 /OA/index.php/Common/css/index.css.html
INFO: [ app_init ] --START--
INFO: Run Behavior\BuildLiteBehavior [ RunTime:0.000000s ]
INFO: [ app_init ] --END-- [ RunTime:0.001000s ]
ERR: 无法加载模块:Common

[ 2017-09-24T19:04:43+08:00 ] ::1 /OA/index.php/Common/css/index.css.html
INFO: [ app_init ] --START--
INFO: Run Behavior\BuildLiteBehavior [ RunTime:0.000000s ]
INFO: [ app_init ] --END-- [ RunTime:0.001000s ]
ERR: 无法加载模块:Common

[ 2017-09-24T19:04:44+08:00 ] ::1 /OA/index.php/Common/css/index.css.html
INFO: [ app_init ] --START--
INFO: Run Behavior\BuildLiteBehavior [ RunTime:0.000000s ]
INFO: [ app_init ] --END-- [ RunTime:0.000000s ]
ERR: 无法加载模块:Common

[ 2017-09-24T21:42:58+08:00 ] ::1 /oaxt/index.php/Index/index
INFO: [ app_init ] --START--
INFO: Run Behavior\BuildLiteBehavior [ RunTime:0.000000s ]
INFO: [ app_init ] --END-- [ RunTime:0.001000s ]
ERR: 无法加载模块:Index

