[ 2017-09-25T18:48:44+08:00 ] ::1 /OAXT/OA/Admin/View/Index/__PUBLIC__/css/bootstrap.min.css
INFO: [ app_init ] --START--
INFO: Run Behavior\BuildLiteBehavior [ RunTime:0.000000s ]
INFO: [ app_init ] --END-- [ RunTime:0.000000s ]
ERR: 无法加载模块:OA

[ 2017-09-25T18:48:44+08:00 ] ::1 /OAXT/OA/Admin/View/Index/__PUBLIC__/js/jquery.min.js
INFO: [ app_init ] --START--
INFO: Run Behavior\BuildLiteBehavior [ RunTime:0.000000s ]
INFO: [ app_init ] --END-- [ RunTime:0.001000s ]
ERR: 无法加载模块:OA

[ 2017-09-25T18:48:44+08:00 ] ::1 /OAXT/OA/Admin/View/Index/__PUBLIC__/js/holder.min.js
INFO: [ app_init ] --START--
INFO: Run Behavior\BuildLiteBehavior [ RunTime:0.000000s ]
INFO: [ app_init ] --END-- [ RunTime:0.001000s ]
ERR: 无法加载模块:OA

[ 2017-09-25T18:48:44+08:00 ] ::1 /OAXT/OA/Admin/View/Index/__PUBLIC__/js/bootstrap.min.js
INFO: [ app_init ] --START--
INFO: Run Behavior\BuildLiteBehavior [ RunTime:0.000000s ]
INFO: [ app_init ] --END-- [ RunTime:0.000000s ]
ERR: 无法加载模块:OA

[ 2017-09-25T18:48:44+08:00 ] ::1 /OAXT/OA/Admin/View/Index/__PUBLIC__/js/holder.min.js
INFO: [ app_init ] --START--
INFO: Run Behavior\BuildLiteBehavior [ RunTime:0.000000s ]
INFO: [ app_init ] --END-- [ RunTime:0.000000s ]
ERR: 无法加载模块:OA

[ 2017-09-25T18:48:44+08:00 ] ::1 /OAXT/OA/Admin/View/Index/__PUBLIC__/img/bg1.png
INFO: [ app_init ] --START--
INFO: Run Behavior\BuildLiteBehavior [ RunTime:0.000000s ]
INFO: [ app_init ] --END-- [ RunTime:0.000000s ]
ERR: 无法加载模块:OA

[ 2017-09-25T18:48:44+08:00 ] ::1 /OAXT/OA/Admin/View/Index/__PUBLIC__/img/bg2.png
INFO: [ app_init ] --START--
INFO: Run Behavior\BuildLiteBehavior [ RunTime:0.000000s ]
INFO: [ app_init ] --END-- [ RunTime:0.000000s ]
ERR: 无法加载模块:OA

[ 2017-09-25T18:48:49+08:00 ] ::1 /OAXT/OA/Admin/Index/index.html
INFO: [ app_init ] --START--
INFO: Run Behavior\BuildLiteBehavior [ RunTime:0.001000s ]
INFO: [ app_init ] --END-- [ RunTime:0.001000s ]
ERR: 无法加载模块:OA

[ 2017-09-25T18:49:05+08:00 ] ::1 /OAXT/index.php/OA/Admin/Index/index.html
INFO: [ app_init ] --START--
INFO: Run Behavior\BuildLiteBehavior [ RunTime:0.000000s ]
INFO: [ app_init ] --END-- [ RunTime:0.000000s ]
ERR: 无法加载模块:OA

